Termite-WifiP2P-MsgSender/build/intermediates/manifest_merge_blame_file/debug/processDebugMainManifest/manifest-merger-blame-debug-report.txt
1<?xml version="1.0" encoding="utf-8"?>
2<manifest xmlns:android="http://schemas.android.com/apk/res/android"
3    package="pt.utl.ist.cmov.msgsender"
4    android:versionCode="1"
5    android:versionName="1.0" >
6
7    <uses-sdk
7-->src\main\AndroidManifest.xml:7:5-8:42
8        android:minSdkVersion="21"
8-->src\main\AndroidManifest.xml:7:15-41
9        android:targetSdkVersion="33" />
10
11    <uses-permission android:name="android.permission.INTERNET" />
11-->src\main\AndroidManifest.xml:9:5-66
11-->src\main\AndroidManifest.xml:9:22-64
12
13    <application
13-->src\main\AndroidManifest.xml:11:5-27:19
14        android:allowBackup="true"
14-->[:Termite-WifiP2P-API:] AndroidManifest.xml:12:9-35
15        android:appComponentFactory="android.support.v4.app.CoreComponentFactory"
15-->[com.android.support:support-compat:28.0.0] AndroidManifest.xml:22:18-91
16        android:debuggable="true"
17        android:extractNativeLibs="true"
18        android:icon="@drawable/ic_launcher"
18-->src\main\AndroidManifest.xml:12:9-45
19        android:label="@string/app_name"
19-->src\main\AndroidManifest.xml:13:9-41
20        android:testOnly="true"
21        android:theme="@style/AppTheme" >
21-->[:Termite-WifiP2P-API:] AndroidManifest.xml:15:9-40
22        <activity
22-->src\main\AndroidManifest.xml:14:9-23:20
23            android:name="pt.inesc.termite.msgsender.MsgSenderActivity"
23-->src\main\AndroidManifest.xml:15:13-72
24            android:exported="true"
24-->src\main\AndroidManifest.xml:16:13-36
25            android:label="@string/app_name" >
25-->src\main\AndroidManifest.xml:17:13-45
26            <intent-filter>
26-->src\main\AndroidManifest.xml:19:13-22:29
27                <action android:name="android.intent.action.MAIN" />
27-->src\main\AndroidManifest.xml:20:17-69
27-->src\main\AndroidManifest.xml:20:25-66
28
29                <category android:name="android.intent.category.LAUNCHER" />
29-->src\main\AndroidManifest.xml:21:17-77
29-->src\main\AndroidManifest.xml:21:27-74
30            </intent-filter>
31        </activity>
32
33        <service android:name="pt.inesc.termite.wifidirect.service.SimWifiP2pService" />
33-->src\main\AndroidManifest.xml:25:9-89
33-->src\main\AndroidManifest.xml:25:18-86
34    </application>
35
36</manifest>